# JRE version: Java(TM) SE Runtime Environment (17.0.12+8) (build 17.0.12+8-LTS-286)
# Java VM: Java HotSpot(TM) 64-Bit Server VM (17.0.12+8-LTS-286, mixed mode, emulated-client, sharing, tiered, compressed oops, compressed class ptrs, g1 gc, windows-amd64)
GC Precious Log:
 CPUs: 12 total, 12 available
 Memory: 15571M
 Large Page Support: Disabled
 NUMA Support: Disabled
 Compressed Oops: Enabled (Zero based)
 Heap Region Size: 2M
 Heap Min Capacity: 8M
 Heap Initial Capacity: 244M
 Heap Max Capacity: 3894M
 Pre-touch: Disabled
 Parallel Workers: 10
 Concurrent Workers: 3
 Concurrent Refinement Workers: 10
 Periodic GC: Disabled
Heap:
 garbage-first heap   total 69632K, used 21393K [0x000000070ca00000, 0x0000000800000000)
  region size 2048K, 1 young (2048K), 1 survivors (2048K)
 Metaspace       used 27034K, committed 27456K, reserved 1114112K
  class space    used 3699K, committed 3904K, reserved 1048576K
GC Heap History (13 events):
Event: 0.971 GC heap before
{Heap before GC invocations=0 (full 0):
 garbage-first heap   total 249856K, used 20480K [0x000000070ca00000, 0x0000000800000000)
  region size 2048K, 11 young (22528K), 0 survivors (0K)
 Metaspace       used 4994K, committed 5120K, reserved 1114112K
  class space    used 596K, committed 640K, reserved 1048576K
}
Event: 0.978 GC heap after
{Heap after GC invocations=1 (full 0):
 garbage-first heap   total 249856K, used 11759K [0x000000070ca00000, 0x0000000800000000)
  region size 2048K, 2 young (4096K), 2 survivors (4096K)
 Metaspace       used 4994K, committed 5120K, reserved 1114112K
  class space    used 596K, committed 640K, reserved 1048576K
}
Event: 1.246 GC heap before
{Heap before GC invocations=1 (full 0):
 garbage-first heap   total 249856K, used 28143K [0x000000070ca00000, 0x0000000800000000)
  region size 2048K, 10 young (20480K), 2 survivors (4096K)
 Metaspace       used 8582K, committed 8832K, reserved 1114112K
  class space    used 1105K, committed 1216K, reserved 1048576K
}
Event: 1.250 GC heap after
{Heap after GC invocations=2 (full 0):
 garbage-first heap   total 249856K, used 13100K [0x000000070ca00000, 0x0000000800000000)
  region size 2048K, 1 young (2048K), 1 survivors (2048K)
 Metaspace       used 8582K, committed 8832K, reserved 1114112K
  class space    used 1105K, committed 1216K, reserved 1048576K
}
Event: 1.743 GC heap before
{Heap before GC invocations=2 (full 0):
 garbage-first heap   total 249856K, used 54060K [0x000000070ca00000, 0x0000000800000000)
  region size 2048K, 21 young (43008K), 1 survivors (2048K)
 Metaspace       used 16755K, committed 17088K, reserved 1114112K
  class space    used 2210K, committed 2368K, reserved 1048576K
}
Event: 1.746 GC heap after
{Heap after GC invocations=3 (full 0):
 garbage-first heap   total 249856K, used 15542K [0x000000070ca00000, 0x0000000800000000)
  region size 2048K, 3 young (6144K), 3 survivors (6144K)
 Metaspace       used 16755K, committed 17088K, reserved 1114112K
  class space    used 2210K, committed 2368K, reserved 1048576K
}
Event: 2.133 GC heap before
{Heap before GC invocations=3 (full 0):
 garbage-first heap   total 249856K, used 46262K [0x000000070ca00000, 0x0000000800000000)
  region size 2048K, 19 young (38912K), 3 survivors (6144K)
 Metaspace       used 21269K, committed 21504K, reserved 1114112K
  class space    used 2855K, committed 2944K, reserved 1048576K
}
Event: 2.136 GC heap after
{Heap after GC invocations=4 (full 0):
 garbage-first heap   total 249856K, used 16819K [0x000000070ca00000, 0x0000000800000000)
  region size 2048K, 3 young (6144K), 3 survivors (6144K)
 Metaspace       used 21269K, committed 21504K, reserved 1114112K
  class space    used 2855K, committed 2944K, reserved 1048576K
}
Event: 2.544 GC heap before
{Heap before GC invocations=5 (full 0):
 garbage-first heap   total 69632K, used 49587K [0x000000070ca00000, 0x0000000800000000)
  region size 2048K, 20 young (40960K), 3 survivors (6144K)
 Metaspace       used 25374K, committed 25728K, reserved 1114112K
  class space    used 3464K, committed 3648K, reserved 1048576K
}
Event: 2.551 GC heap after
{Heap after GC invocations=6 (full 0):
 garbage-first heap   total 69632K, used 19713K [0x000000070ca00000, 0x0000000800000000)
  region size 2048K, 5 young (10240K), 5 survivors (10240K)
 Metaspace       used 25374K, committed 25728K, reserved 1114112K
  class space    used 3464K, committed 3648K, reserved 1048576K
}
Event: 2.565 GC heap before
{Heap before GC invocations=6 (full 0):
 garbage-first heap   total 69632K, used 21761K [0x000000070ca00000, 0x0000000800000000)
  region size 2048K, 6 young (12288K), 5 survivors (10240K)
 Metaspace       used 25407K, committed 25728K, reserved 1114112K
  class space    used 3470K, committed 3648K, reserved 1048576K
}
Event: 2.573 GC heap after
{Heap after GC invocations=7 (full 0):
 garbage-first heap   total 69632K, used 20839K [0x000000070ca00000, 0x0000000800000000)
  region size 2048K, 1 young (2048K), 1 survivors (2048K)
 Metaspace       used 25407K, committed 25728K, reserved 1114112K
  class space    used 3470K, committed 3648K, reserved 1048576K
}
Event: 2.846 GC heap before
{Heap before GC invocations=7 (full 0):
 garbage-first heap   total 69632K, used 45415K [0x000000070ca00000, 0x0000000800000000)
  region size 2048K, 13 young (26624K), 1 survivors (2048K)
 Metaspace       used 27034K, committed 27456K, reserved 1114112K
  class space    used 3699K, committed 3904K, reserved 1048576K
}

